[debug] [2021-07-16T05:06:50.293Z] ----------------------------------------------------------------------
[debug] [2021-07-16T05:06:50.296Z] Command:       C:\Program Files\nodejs\node.exe C:\Users\User\AppData\Roaming\npm\node_modules\firebase-tools\lib\bin\firebase.js init
[debug] [2021-07-16T05:06:50.296Z] CLI Version:   9.16.0
[debug] [2021-07-16T05:06:50.296Z] Platform:      win32
[debug] [2021-07-16T05:06:50.296Z] Node Version:  v14.15.4
[debug] [2021-07-16T05:06:50.297Z] Time:          Fri Jul 16 2021 00:06:50 GMT-0500 (hora estándar de Colombia)
[debug] [2021-07-16T05:06:50.298Z] ----------------------------------------------------------------------
[debug] 
[debug] [2021-07-16T05:06:50.305Z] > command requires scopes: ["email","openid","https://www.googleapis.com/auth/cloudplatformprojects.readonly","https://www.googleapis.com/auth/firebase","https://www.googleapis.com/auth/cloud-platform"]
[debug] [2021-07-16T05:06:50.305Z] > authorizing via signed-in user (santiagomejiad19@gmail.com)
[info] 
     ######## #### ########  ######## ########     ###     ######  ########
     ##        ##  ##     ## ##       ##     ##  ##   ##  ##       ##
     ######    ##  ########  ######   ########  #########  ######  ######
     ##        ##  ##    ##  ##       ##     ## ##     ##       ## ##
     ##       #### ##     ## ######## ########  ##     ##  ######  ########

You're about to initialize a Firebase project in this directory:

  C:\Users\User\OneDrive\Escritorio\SofkaUII\ThirdCourseGoodPractices\FrontArchichectura\heros

[info] 
=== Project Setup
[info] 
[info] First, let's associate this project directory with a Firebase project.
[info] You can create multiple project aliases by running firebase use --add, 
[info] but for now we'll just set up a default project.
[info] 
[debug] [2021-07-16T05:07:33.287Z] > refreshing access token with scopes: []
[debug] [2021-07-16T05:07:33.289Z] >>> HTTP REQUEST POST https://www.googleapis.com/oauth2/v3/token  
 <request body omitted>
[debug] [2021-07-16T05:07:33.494Z] <<< HTTP RESPONSE 200 {"pragma":"no-cache","date":"Fri, 16 Jul 2021 05:07:34 GMT","expires":"Mon, 01 Jan 1990 00:00:00 GMT","cache-control":"no-cache, no-store, max-age=0, must-revalidate","content-type":"application/json; charset=utf-8","vary":"X-Origin, Referer, Origin,Accept-Encoding","server":"scaffolding on HTTPServer2","x-xss-protection":"0","x-frame-options":"SAMEORIGIN","x-content-type-options":"nosniff","alt-svc":"h3=\":443\"; ma=2592000,h3-29=\":443\"; ma=2592000,h3-T051=\":443\"; ma=2592000,h3-Q050=\":443\"; ma=2592000,h3-Q046=\":443\"; ma=2592000,h3-Q043=\":443\"; ma=2592000,quic=\":443\"; ma=2592000; v=\"46,43\"","accept-ranges":"none","transfer-encoding":"chunked"}
[debug] [2021-07-16T05:07:35.116Z] >>> [apiv2][query] GET https://firebase.googleapis.com/v1beta1/projects pageSize=100
[debug] [2021-07-16T05:07:35.454Z] <<< [apiv2][status] GET https://firebase.googleapis.com/v1beta1/projects 200
[debug] [2021-07-16T05:07:35.454Z] <<< [apiv2][body] GET https://firebase.googleapis.com/v1beta1/projects [omitted]
[info] i  Using project frontend-heros (frontend-heros) 
[info] 
=== Hosting Setup
[info] 
[info] Your public directory is the folder (relative to your project directory) that
[info] will contain Hosting assets to be uploaded with firebase deploy. If you
[info] have a build process for your assets, use your build's output directory.
[info] 
[info] +  Wrote build/404.html 
[debug] [2021-07-16T05:09:12.157Z] >>> [apiv2][query] GET https://www.gstatic.com/firebasejs/releases.json [none]
[debug] [2021-07-16T05:09:12.578Z] <<< [apiv2][status] GET https://www.gstatic.com/firebasejs/releases.json 200
[debug] [2021-07-16T05:09:12.578Z] <<< [apiv2][body] GET https://www.gstatic.com/firebasejs/releases.json {"current":{"version":"8.7.1","browserURL":"https://www.gstatic.com/firebasejs/8.7.1/firebase.js","packageURL":"https://www.gstatic.com/firebasejs/8.7.1/firebase.tgz"},"live":{"version":"8.7","browserURL":"https://www.gstatic.com/firebasejs/live/8.7/firebase.js","packageURL":"https://www.gstatic.com/firebasejs/live/8.7/firebase.tgz"},"components":{"analytics":"https://www.gstatic.com/firebasejs/8.7.1/firebase-analytics.js","app":"https://www.gstatic.com/firebasejs/8.7.1/firebase-app.js","app-check":"https://www.gstatic.com/firebasejs/8.7.1/firebase-app-check.js","auth":"https://www.gstatic.com/firebasejs/8.7.1/firebase-auth.js","database":"https://www.gstatic.com/firebasejs/8.7.1/firebase-database.js","firestore":"https://www.gstatic.com/firebasejs/8.7.1/firebase-firestore.js","functions":"https://www.gstatic.com/firebasejs/8.7.1/firebase-functions.js","installations":"https://www.gstatic.com/firebasejs/8.7.1/firebase-installations.js","messaging":"https://www.gstatic.com/firebasejs/8.7.1/firebase-messaging.js","storage":"https://www.gstatic.com/firebasejs/8.7.1/firebase-storage.js","performance":"https://www.gstatic.com/firebasejs/8.7.1/firebase-performance.js","remote-config":"https://www.gstatic.com/firebasejs/8.7.1/firebase-remote-config.js","firestore.memory":"https://www.gstatic.com/firebasejs/8.7.1/firebase-firestore.memory.js"}}
[info] i  Skipping write of build/index.html 
[info] 
[info] i  Detected a .git folder at C:\Users\User\OneDrive\Escritorio\SofkaUII\ThirdCourseGoodPractices\FrontArchichectura\heros 
[info] i  Authorizing with GitHub to upload your service account to a GitHub repository's secrets store. 
[info] 
[info] Visit this URL on this device to log in:
[info] https://github.com/login/oauth/authorize?client_id=89cf50f02ac6aaed3484&state=127324621&redirect_uri=http%3A%2F%2Flocalhost%3A9005&scope=read%3Auser%20repo%20public_repo
[info] 
[info] Waiting for authentication...
[debug] [2021-07-16T05:09:45.933Z] >>> HTTP REQUEST POST https://github.com/login/oauth/access_token  
 {"client_id":"89cf50f02ac6aaed3484","client_secret":"3330d14abc895d9a74d5f17cd7a00711fa2c5bf0","code":"3269ee7ef1102643b1a8","redirect_uri":"http://localhost:9005","state":"127324621"}
[debug] [2021-07-16T05:09:46.244Z] <<< HTTP RESPONSE 200 {"server":"GitHub.com","date":"Fri, 16 Jul 2021 05:09:47 GMT","content-type":"application/json; charset=utf-8","transfer-encoding":"chunked","vary":"X-PJAX, Accept-Encoding, Accept, X-Requested-With","permissions-policy":"interest-cohort=()","etag":"W/\"1a2e8ebfb94648faf5ae144b08c911eb\"","cache-control":"max-age=0, private, must-revalidate","strict-transport-security":"max-age=31536000; includeSubdomains; preload","x-frame-options":"deny","x-content-type-options":"nosniff","x-xss-protection":"0","referrer-policy":"origin-when-cross-origin, strict-origin-when-cross-origin","expect-ct":"max-age=2592000, report-uri=\"https://api.github.com/_private/browser/errors\"","content-security-policy":"default-src 'none'; base-uri 'self'; block-all-mixed-content; connect-src 'self' uploads.github.com www.githubstatus.com collector.githubapp.com api.github.com github-cloud.s3.amazonaws.com github-production-repository-file-5c1aeb.s3.amazonaws.com github-production-upload-manifest-file-7fdce7.s3.amazonaws.com github-production-user-asset-6210df.s3.amazonaws.com cdn.optimizely.com logx.optimizely.com/v1/events translator.github.com wss://alive.github.com; font-src github.githubassets.com; form-action 'self' github.com gist.github.com; frame-ancestors 'none'; frame-src render.githubusercontent.com render-temp.githubusercontent.com viewscreen.githubusercontent.com; img-src 'self' data: github.githubassets.com identicons.github.com collector.githubapp.com github-cloud.s3.amazonaws.com secured-user-images.githubusercontent.com/ *.githubusercontent.com; manifest-src 'self'; media-src 'none'; script-src github.githubassets.com; style-src 'unsafe-inline' github.githubassets.com; worker-src github.com/socket-worker-3f088aa2.js gist.github.com/socket-worker-3f088aa2.js","x-github-request-id":"28A3:745D:634D66:D6B40B:60F1149B"}
[debug] [2021-07-16T05:09:46.267Z] >>> [apiv2][query] GET https://api.github.com/user [none]
[debug] [2021-07-16T05:09:46.612Z] <<< [apiv2][status] GET https://api.github.com/user 200
[debug] [2021-07-16T05:09:46.612Z] <<< [apiv2][body] GET https://api.github.com/user {"login":"SantyM19","id":52477105,"node_id":"MDQ6VXNlcjUyNDc3MTA1","avatar_url":"https://avatars.githubusercontent.com/u/52477105?v=4","gravatar_id":"","url":"https://api.github.com/users/SantyM19","html_url":"https://github.com/SantyM19","followers_url":"https://api.github.com/users/SantyM19/followers","following_url":"https://api.github.com/users/SantyM19/following{/other_user}","gists_url":"https://api.github.com/users/SantyM19/gists{/gist_id}","starred_url":"https://api.github.com/users/SantyM19/starred{/owner}{/repo}","subscriptions_url":"https://api.github.com/users/SantyM19/subscriptions","organizations_url":"https://api.github.com/users/SantyM19/orgs","repos_url":"https://api.github.com/users/SantyM19/repos","events_url":"https://api.github.com/users/SantyM19/events{/privacy}","received_events_url":"https://api.github.com/users/SantyM19/received_events","type":"User","site_admin":false,"name":"El SantyM","company":null,"blog":"","location":"Bogota Colombia","email":null,"hireable":null,"bio":"Estudiante de ingeniería Mecatronica, Desarrollador de software","twitter_username":null,"public_repos":48,"public_gists":0,"followers":4,"following":2,"created_at":"2019-07-03T02:25:06Z","updated_at":"2021-06-29T01:42:56Z","private_gists":0,"total_private_repos":0,"owned_private_repos":0,"disk_usage":60239,"collaborators":0,"two_factor_authentication":false,"plan":{"name":"free","space":976562499,"collaborators":0,"private_repos":10000}}
[info] 
[info] +  Success! Logged into GitHub as SantyM19 
[info] 
